2023.11.10 17:56:00 INFO  Started: Metals version 1.1.0 in folders '/home/muhammadashab80/Documents/Merl/Scala-Chisel-Learning-Journey-main/src' for client Visual Studio Code 1.84.2.
2023.11.10 17:56:01 WARN  scala-cli >= 0.1.3 not found in PATH, fetching and starting a JVM-based Scala CLI
2023.11.10 17:56:07 INFO  no build target found for /home/muhammadashab80/Documents/Merl/Scala-Chisel-Learning-Journey-main/src/test/scala/gcd/Lab2/Ex3test.scala. Using presentation compiler with project's scala-library version: 3.3.1
Nov 10, 2023 5:56:07 PM org.eclipse.lsp4j.jsonrpc.RemoteEndpoint handleCancellation
WARNING: Unmatched cancel notification for request id 13
2023.11.10 17:56:07 WARN  no build target for: /home/muhammadashab80/Documents/Merl/Scala-Chisel-Learning-Journey-main/src/test/scala/gcd/Lab2/Ex3test.scala
2023.11.10 18:00:23 ERROR Unexpected error initializing server: 
coursierapi.error.SimpleResolutionError$1: Error downloading org.virtuslab.scala-cli:cli_3:1.0.4
  not found: /home/muhammadashab80/.ivy2/local/org.virtuslab.scala-cli/cli_3/1.0.4/ivys/ivy.xml
  download error: Caught java.net.ConnectException (Connection timed out) while downloading https://repo1.maven.org/maven2/org/virtuslab/scala-cli/cli_3/1.0.4/cli_3-1.0.4.pom
	at coursierapi.error.SimpleResolutionError.of(SimpleResolutionError.java:11)
	at coursierapi.shaded.coursier.internal.api.ApiHelper$.simpleResError(ApiHelper.scala:371)
	at coursierapi.shaded.coursier.internal.api.ApiHelper$.doFetch(ApiHelper.scala:415)
	at coursierapi.shaded.coursier.internal.api.ApiHelper.doFetch(ApiHelper.scala)
	at coursierapi.Fetch.fetchResult(Fetch.java:244)
	at coursierapi.Fetch.fetch(Fetch.java:239)
	at scala.meta.internal.metals.scalacli.ScalaCli$.scalaCliClassPath(ScalaCli.scala:324)
	at scala.meta.internal.metals.scalacli.ScalaCli.jvmBased(ScalaCli.scala:168)
	at scala.meta.internal.metals.scalacli.ScalaCli.$anonfun$cliCommand$1(ScalaCli.scala:163)
	at scala.Option.getOrElse(Option.scala:201)
	at scala.meta.internal.metals.scalacli.ScalaCli.cliCommand$lzycompute(ScalaCli.scala:159)
	at scala.meta.internal.metals.scalacli.ScalaCli.cliCommand(ScalaCli.scala:158)
	at scala.meta.internal.metals.scalacli.ScalaCli.start(ScalaCli.scala:214)
	at scala.meta.internal.metals.scalacli.ScalaCli.$anonfun$setupIDE$5(ScalaCli.scala:200)
	at scala.Option.getOrElse(Option.scala:201)
	at scala.meta.internal.metals.scalacli.ScalaCli.setupIDE(ScalaCli.scala:200)
	at scala.meta.internal.metals.MetalsLspService.maybeSetupScalaCli(MetalsLspService.scala:2073)
	at scala.meta.internal.metals.MetalsLspService.initialized(MetalsLspService.scala:910)
	at scala.meta.internal.metals.WorkspaceLspService.$anonfun$initialized$2(WorkspaceLspService.scala:1116)
	at scala.collection.immutable.List.map(List.scala:246)
	at scala.meta.internal.metals.WorkspaceLspService.$anonfun$initialized$1(WorkspaceLspService.scala:1116)
	at scala.concurrent.impl.Promise$Transformation.run(Promise.scala:470)
	at java.util.concurrent.ThreadPoolExecutor.runWorker(ThreadPoolExecutor.java:1136)
	at java.util.concurrent.ThreadPoolExecutor$Worker.run(ThreadPoolExecutor.java:635)
	at java.lang.Thread.run(Thread.java:833)

2023.11.10 18:04:46 INFO  Shutting down server
2023.11.10 18:04:46 INFO  shutting down Metals
2023.11.10 18:04:46 INFO  Exiting server
2023.12.11 11:38:06 INFO  Started: Metals version 1.1.0 in folders '/home/muhammadashab80/Documents/Merl/Scala-Chisel-Learning-Journey-main/src' for client Visual Studio Code 1.85.0.
2023.12.11 11:38:07 WARN  Build server is not auto-connectable.
2023.12.11 11:38:07 WARN  no build target for: /home/muhammadashab80/Documents/Merl/Scala-Chisel-Learning-Journey-main/src/test/scala/gcd/Lab2/Ex3test.scala
2023.12.11 11:38:13 INFO  no build target found for /home/muhammadashab80/Documents/Merl/Scala-Chisel-Learning-Journey-main/src/test/scala/gcd/Lab2/Ex3test.scala. Using presentation compiler with project's scala-library version: 3.3.1
2023.12.11 11:38:15 INFO  time: code lens generation in 6.92s
2023.12.11 11:40:25 WARN  no build target for: /home/muhammadashab80/Documents/Merl/Scala-Chisel-Learning-Journey-main/src/main/scala/gcd/Lab4/Ex1.scala
2023.12.11 11:40:34 WARN  no build target for: /home/muhammadashab80/Documents/Merl/Scala-Chisel-Learning-Journey-main/src/test/scala/gcd/Lab4/Ex1test.scala
2023.12.11 11:43:50 WARN  no build target for: /home/muhammadashab80/Documents/Merl/Scala-Chisel-Learning-Journey-main/src/main/scala/gcd/Lab4/Task1.scala
2023.12.11 11:43:59 WARN  no build target for: /home/muhammadashab80/Documents/Merl/Scala-Chisel-Learning-Journey-main/src/test/scala/gcd/Lab4/Task1test.scala
2023.12.11 11:49:10 WARN  no build target for: /home/muhammadashab80/Documents/Merl/Scala-Chisel-Learning-Journey-main/src/main/scala/gcd/Lab4/Task2.scala
2023.12.11 11:49:15 WARN  no build target for: /home/muhammadashab80/Documents/Merl/Scala-Chisel-Learning-Journey-main/src/test/scala/gcd/Lab4/Task2test.scala
2023.12.11 11:52:38 WARN  no build target for: /home/muhammadashab80/Documents/Merl/Scala-Chisel-Learning-Journey-main/src/test/scala/gcd/Lab1/msbcountertest.scala
2023.12.11 11:53:00 WARN  no build target for: /home/muhammadashab80/Documents/Merl/Scala-Chisel-Learning-Journey-main/src/test/scala/gcd/Lab4/Task2test.scala
2023.12.11 11:53:12 WARN  no build target for: /home/muhammadashab80/Documents/Merl/Scala-Chisel-Learning-Journey-main/src/test/scala/gcd/Lab4/Task2test.scala
2023.12.11 11:53:18 WARN  no build target for: /home/muhammadashab80/Documents/Merl/Scala-Chisel-Learning-Journey-main/src/test/scala/gcd/Lab4/Task2test.scala
2023.12.11 11:53:58 WARN  no build target for: /home/muhammadashab80/Documents/Merl/Scala-Chisel-Learning-Journey-main/src/test/scala/gcd/Lab4/Task2test.scala
2023.12.11 11:54:15 WARN  no build target for: /home/muhammadashab80/Documents/Merl/Scala-Chisel-Learning-Journey-main/src/test/scala/gcd/Lab4/Task2test.scala
2023.12.11 11:54:17 WARN  no build target for: /home/muhammadashab80/Documents/Merl/Scala-Chisel-Learning-Journey-main/src/test/scala/gcd/Lab4/Task2test.scala
2023.12.11 11:54:18 WARN  no build target for: /home/muhammadashab80/Documents/Merl/Scala-Chisel-Learning-Journey-main/src/test/scala/gcd/Lab4/Task2test.scala
2023.12.11 11:54:20 WARN  no build target for: /home/muhammadashab80/Documents/Merl/Scala-Chisel-Learning-Journey-main/src/test/scala/gcd/Lab4/Task2test.scala
2023.12.11 11:54:23 WARN  no build target for: /home/muhammadashab80/Documents/Merl/Scala-Chisel-Learning-Journey-main/src/test/scala/gcd/Lab4/Task2test.scala
2023.12.11 11:55:03 WARN  no build target for: /home/muhammadashab80/Documents/Merl/Scala-Chisel-Learning-Journey-main/src/test/scala/gcd/Lab4/Task2test.scala
2023.12.11 11:55:08 WARN  no build target for: /home/muhammadashab80/Documents/Merl/Scala-Chisel-Learning-Journey-main/src/test/scala/gcd/Lab4/Task2test.scala
2023.12.11 11:55:10 WARN  no build target for: /home/muhammadashab80/Documents/Merl/Scala-Chisel-Learning-Journey-main/src/test/scala/gcd/Lab4/Task2test.scala
2023.12.11 11:55:24 WARN  no build target for: /home/muhammadashab80/Documents/Merl/Scala-Chisel-Learning-Journey-main/src/test/scala/gcd/Lab4/Task2test.scala
2023.12.11 11:55:28 WARN  no build target for: /home/muhammadashab80/Documents/Merl/Scala-Chisel-Learning-Journey-main/src/test/scala/gcd/Lab4/Task2test.scala
Dec 11, 2023 11:55:29 AM scala.meta.internal.pc.CompilerAccess handleError
SEVERE: A severe compiler error occurred, full details of the error can be found in the error report /home/muhammadashab80/Documents/Merl/Scala-Chisel-Learning-Journey-main/src/.metals/.reports/metals-full/2023-12-11/r_compiler-error_11-55-29-221.md
2023.12.11 11:55:30 WARN  no build target for: /home/muhammadashab80/Documents/Merl/Scala-Chisel-Learning-Journey-main/src/test/scala/gcd/Lab4/Task2test.scala
2023.12.11 11:55:32 WARN  no build target for: /home/muhammadashab80/Documents/Merl/Scala-Chisel-Learning-Journey-main/src/test/scala/gcd/Lab4/Task2test.scala
2023.12.11 11:55:33 WARN  no build target for: /home/muhammadashab80/Documents/Merl/Scala-Chisel-Learning-Journey-main/src/test/scala/gcd/Lab4/Task2test.scala
2023.12.11 11:55:33 WARN  no build target for: /home/muhammadashab80/Documents/Merl/Scala-Chisel-Learning-Journey-main/src/test/scala/gcd/Lab4/Task2test.scala
2023.12.11 11:55:52 WARN  no build target for: /home/muhammadashab80/Documents/Merl/Scala-Chisel-Learning-Journey-main/src/test/scala/gcd/Lab4/Task2test.scala
Dec 11, 2023 11:55:52 AM org.eclipse.lsp4j.jsonrpc.RemoteEndpoint fallbackResponseError
SEVERE: Internal error: scala.meta.internal.metals.debug.BuildTargetNotFoundForPathException: No build target could be found for the path: /home/muhammadashab80/Documents/Merl/Scala-Chisel-Learning-Journey-main/src/test/scala/gcd/Lab4/Task2test.scala
java.util.concurrent.CompletionException: scala.meta.internal.metals.debug.BuildTargetNotFoundForPathException: No build target could be found for the path: /home/muhammadashab80/Documents/Merl/Scala-Chisel-Learning-Journey-main/src/test/scala/gcd/Lab4/Task2test.scala
	at java.base/java.util.concurrent.CompletableFuture.encodeThrowable(CompletableFuture.java:332)
	at java.base/java.util.concurrent.CompletableFuture.uniAcceptNow(CompletableFuture.java:747)
	at java.base/java.util.concurrent.CompletableFuture.uniAcceptStage(CompletableFuture.java:735)
	at java.base/java.util.concurrent.CompletableFuture.thenAcceptAsync(CompletableFuture.java:2186)
	at scala.concurrent.java8.FuturesConvertersImpl$CF.thenAccept(FutureConvertersImpl.scala:37)
	at org.eclipse.lsp4j.jsonrpc.RemoteEndpoint.handleRequest(RemoteEndpoint.java:279)
	at org.eclipse.lsp4j.jsonrpc.RemoteEndpoint.consume(RemoteEndpoint.java:190)
	at org.eclipse.lsp4j.jsonrpc.json.StreamMessageProducer.handleMessage(StreamMessageProducer.java:194)
	at org.eclipse.lsp4j.jsonrpc.json.StreamMessageProducer.listen(StreamMessageProducer.java:94)
	at org.eclipse.lsp4j.jsonrpc.json.ConcurrentMessageProcessor.run(ConcurrentMessageProcessor.java:113)
	at java.base/java.util.concurrent.Executors$RunnableAdapter.call(Executors.java:539)
	at java.base/java.util.concurrent.FutureTask.run(FutureTask.java:264)
	at java.base/java.util.concurrent.ThreadPoolExecutor.runWorker(ThreadPoolExecutor.java:1136)
	at java.base/java.util.concurrent.ThreadPoolExecutor$Worker.run(ThreadPoolExecutor.java:635)
	at java.base/java.lang.Thread.run(Thread.java:840)
Caused by: scala.meta.internal.metals.debug.BuildTargetNotFoundForPathException: No build target could be found for the path: /home/muhammadashab80/Documents/Merl/Scala-Chisel-Learning-Journey-main/src/test/scala/gcd/Lab4/Task2test.scala
	at scala.meta.internal.metals.debug.DebugProvider.debugDiscovery(DebugProvider.scala:469)
	at scala.meta.internal.metals.MetalsLspService.debugDiscovery(MetalsLspService.scala:1857)
	at scala.meta.internal.metals.WorkspaceLspService.executeCommand(WorkspaceLspService.scala:880)
	at scala.meta.metals.lsp.DelegatingScalaService.executeCommand(DelegatingScalaService.scala:169)
	at java.base/jdk.internal.reflect.NativeMethodAccessorImpl.invoke0(Native Method)
	at java.base/jdk.internal.reflect.NativeMethodAccessorImpl.invoke(NativeMethodAccessorImpl.java:77)
	at java.base/jdk.internal.reflect.DelegatingMethodAccessorImpl.invoke(DelegatingMethodAccessorImpl.java:43)
	at java.base/java.lang.reflect.Method.invoke(Method.java:568)
	at org.eclipse.lsp4j.jsonrpc.services.GenericEndpoint.lambda$null$0(GenericEndpoint.java:65)
	at org.eclipse.lsp4j.jsonrpc.services.GenericEndpoint.request(GenericEndpoint.java:120)
	at org.eclipse.lsp4j.jsonrpc.RemoteEndpoint.handleRequest(RemoteEndpoint.java:261)
	... 9 more

Dec 11, 2023 11:56:05 AM org.eclipse.lsp4j.jsonrpc.RemoteEndpoint fallbackResponseError
SEVERE: Internal error: scala.meta.internal.metals.debug.BuildTargetNotFoundForPathException: No build target could be found for the path: /home/muhammadashab80/Documents/Merl/Scala-Chisel-Learning-Journey-main/src/test/scala/gcd/Lab4/Task2test.scala
java.util.concurrent.CompletionException: scala.meta.internal.metals.debug.BuildTargetNotFoundForPathException: No build target could be found for the path: /home/muhammadashab80/Documents/Merl/Scala-Chisel-Learning-Journey-main/src/test/scala/gcd/Lab4/Task2test.scala
	at java.base/java.util.concurrent.CompletableFuture.encodeThrowable(CompletableFuture.java:332)
	at java.base/java.util.concurrent.CompletableFuture.uniAcceptNow(CompletableFuture.java:747)
	at java.base/java.util.concurrent.CompletableFuture.uniAcceptStage(CompletableFuture.java:735)
	at java.base/java.util.concurrent.CompletableFuture.thenAcceptAsync(CompletableFuture.java:2186)
	at scala.concurrent.java8.FuturesConvertersImpl$CF.thenAccept(FutureConvertersImpl.scala:37)
	at org.eclipse.lsp4j.jsonrpc.RemoteEndpoint.handleRequest(RemoteEndpoint.java:279)
	at org.eclipse.lsp4j.jsonrpc.RemoteEndpoint.consume(RemoteEndpoint.java:190)
	at org.eclipse.lsp4j.jsonrpc.json.StreamMessageProducer.handleMessage(StreamMessageProducer.java:194)
	at org.eclipse.lsp4j.jsonrpc.json.StreamMessageProducer.listen(StreamMessageProducer.java:94)
	at org.eclipse.lsp4j.jsonrpc.json.ConcurrentMessageProcessor.run(ConcurrentMessageProcessor.java:113)
	at java.base/java.util.concurrent.Executors$RunnableAdapter.call(Executors.java:539)
	at java.base/java.util.concurrent.FutureTask.run(FutureTask.java:264)
	at java.base/java.util.concurrent.ThreadPoolExecutor.runWorker(ThreadPoolExecutor.java:1136)
	at java.base/java.util.concurrent.ThreadPoolExecutor$Worker.run(ThreadPoolExecutor.java:635)
	at java.base/java.lang.Thread.run(Thread.java:840)
Caused by: scala.meta.internal.metals.debug.BuildTargetNotFoundForPathException: No build target could be found for the path: /home/muhammadashab80/Documents/Merl/Scala-Chisel-Learning-Journey-main/src/test/scala/gcd/Lab4/Task2test.scala
	at scala.meta.internal.metals.debug.DebugProvider.debugDiscovery(DebugProvider.scala:469)
	at scala.meta.internal.metals.debug.DebugProvider.runCommandDiscovery(DebugProvider.scala:419)
	at scala.meta.internal.metals.MetalsLspService.discoverMainClasses(MetalsLspService.scala:1730)
	at scala.meta.internal.metals.WorkspaceLspService.executeCommand(WorkspaceLspService.scala:690)
	at scala.meta.metals.lsp.DelegatingScalaService.executeCommand(DelegatingScalaService.scala:169)
	at java.base/jdk.internal.reflect.NativeMethodAccessorImpl.invoke0(Native Method)
	at java.base/jdk.internal.reflect.NativeMethodAccessorImpl.invoke(NativeMethodAccessorImpl.java:77)
	at java.base/jdk.internal.reflect.DelegatingMethodAccessorImpl.invoke(DelegatingMethodAccessorImpl.java:43)
	at java.base/java.lang.reflect.Method.invoke(Method.java:568)
	at org.eclipse.lsp4j.jsonrpc.services.GenericEndpoint.lambda$null$0(GenericEndpoint.java:65)
	at org.eclipse.lsp4j.jsonrpc.services.GenericEndpoint.request(GenericEndpoint.java:120)
	at org.eclipse.lsp4j.jsonrpc.RemoteEndpoint.handleRequest(RemoteEndpoint.java:261)
	... 9 more

Dec 11, 2023 11:56:20 AM org.eclipse.lsp4j.jsonrpc.RemoteEndpoint handleCancellation
WARNING: Unmatched cancel notification for request id 418
Dec 11, 2023 11:56:20 AM org.eclipse.lsp4j.jsonrpc.RemoteEndpoint handleCancellation
WARNING: Unmatched cancel notification for request id 419
Dec 11, 2023 11:56:20 AM org.eclipse.lsp4j.jsonrpc.RemoteEndpoint handleCancellation
WARNING: Unmatched cancel notification for request id 420
2023.12.11 11:57:10 WARN  no build target for: /home/muhammadashab80/Documents/Merl/Scala-Chisel-Learning-Journey-main/src/test/scala/gcd/Lab4/Task2test.scala
2023.12.11 11:57:16 WARN  no build target for: /home/muhammadashab80/Documents/Merl/Scala-Chisel-Learning-Journey-main/src/test/scala/gcd/Lab4/Task2test.scala
2023.12.11 11:57:23 WARN  no build target for: /home/muhammadashab80/Documents/Merl/Scala-Chisel-Learning-Journey-main/src/test/scala/gcd/Lab4/Task2test.scala
2023.12.11 11:57:27 WARN  no build target for: /home/muhammadashab80/Documents/Merl/Scala-Chisel-Learning-Journey-main/src/test/scala/gcd/Lab4/Task2test.scala
2023.12.11 11:57:34 WARN  no build target for: /home/muhammadashab80/Documents/Merl/Scala-Chisel-Learning-Journey-main/src/test/scala/gcd/Lab4/Task2test.scala
2023.12.11 11:57:38 WARN  no build target for: /home/muhammadashab80/Documents/Merl/Scala-Chisel-Learning-Journey-main/src/test/scala/gcd/Lab4/Task2test.scala
2023.12.11 11:57:41 WARN  no build target for: /home/muhammadashab80/Documents/Merl/Scala-Chisel-Learning-Journey-main/src/test/scala/gcd/Lab4/Task2test.scala
2023.12.11 11:57:41 WARN  no build target for: /home/muhammadashab80/Documents/Merl/Scala-Chisel-Learning-Journey-main/src/test/scala/gcd/Lab4/Task2test.scala
2023.12.11 11:57:41 WARN  no build target for: /home/muhammadashab80/Documents/Merl/Scala-Chisel-Learning-Journey-main/src/test/scala/gcd/Lab4/Task2test.scala
2023.12.11 11:57:41 WARN  no build target for: /home/muhammadashab80/Documents/Merl/Scala-Chisel-Learning-Journey-main/src/test/scala/gcd/Lab4/Task2test.scala
2023.12.11 11:57:41 WARN  no build target for: /home/muhammadashab80/Documents/Merl/Scala-Chisel-Learning-Journey-main/src/test/scala/gcd/Lab4/Task2test.scala
Dec 11, 2023 11:57:55 AM org.eclipse.lsp4j.jsonrpc.RemoteEndpoint handleCancellation
WARNING: Unmatched cancel notification for request id 547
Dec 11, 2023 11:59:34 AM org.eclipse.lsp4j.jsonrpc.RemoteEndpoint handleCancellation
WARNING: Unmatched cancel notification for request id 582
2023.12.11 11:59:41 WARN  no build target for: /home/muhammadashab80/Documents/Merl/Scala-Chisel-Learning-Journey-main/src/test/scala/gcd/Lab4/Task2test.scala
2023.12.11 11:59:52 WARN  no build target for: /home/muhammadashab80/Documents/Merl/Scala-Chisel-Learning-Journey-main/src/test/scala/gcd/Lab4/Task2test.scala
2023.12.11 11:59:54 WARN  no build target for: /home/muhammadashab80/Documents/Merl/Scala-Chisel-Learning-Journey-main/src/test/scala/gcd/Lab4/Task2test.scala
2023.12.11 12:07:12 INFO  Attempting to connect to the build server...
2023.12.11 12:07:12 INFO  Bloop uses /usr/lib/jvm/java-17-openjdk-amd64 defined at /home/muhammadashab80/.bloop/bloop.json
2023.12.11 12:07:13 INFO  Attempting to connect to the build server...
2023.12.11 12:07:13 INFO  Bloop uses /usr/lib/jvm/java-17-openjdk-amd64 defined at /home/muhammadashab80/.bloop/bloop.json
2023.12.11 12:07:13 INFO  Attempting to connect to the build server...
2023.12.11 12:07:13 INFO  Bloop uses /usr/lib/jvm/java-17-openjdk-amd64 defined at /home/muhammadashab80/.bloop/bloop.json
2023.12.11 12:07:13 INFO  Attempting to connect to the build server...
2023.12.11 12:07:13 INFO  Bloop uses /usr/lib/jvm/java-17-openjdk-amd64 defined at /home/muhammadashab80/.bloop/bloop.json
2023.12.11 12:07:13 INFO  Attempting to connect to the build server...
2023.12.11 12:07:13 INFO  Bloop uses /usr/lib/jvm/java-17-openjdk-amd64 defined at /home/muhammadashab80/.bloop/bloop.json
2023.12.11 12:07:14 INFO  Attempting to connect to the build server...
2023.12.11 12:07:14 INFO  Bloop uses /usr/lib/jvm/java-17-openjdk-amd64 defined at /home/muhammadashab80/.bloop/bloop.json
2023.12.11 12:07:14 INFO  Attempting to connect to the build server...
2023.12.11 12:07:14 INFO  Bloop uses /usr/lib/jvm/java-17-openjdk-amd64 defined at /home/muhammadashab80/.bloop/bloop.json
2023.12.11 12:07:17 INFO  tracing is disabled for protocol BSP, to enable tracing of incoming and outgoing JSON messages create an empty file at /home/muhammadashab80/Documents/Merl/Scala-Chisel-Learning-Journey-main/src/.metals/bsp.trace.json or /home/muhammadashab80/.cache/metals/bsp.trace.json
2023.12.11 12:07:17 INFO  tracing is disabled for protocol BSP, to enable tracing of incoming and outgoing JSON messages create an empty file at /home/muhammadashab80/Documents/Merl/Scala-Chisel-Learning-Journey-main/src/.metals/bsp.trace.json or /home/muhammadashab80/.cache/metals/bsp.trace.json
2023.12.11 12:07:17 INFO  tracing is disabled for protocol BSP, to enable tracing of incoming and outgoing JSON messages create an empty file at /home/muhammadashab80/Documents/Merl/Scala-Chisel-Learning-Journey-main/src/.metals/bsp.trace.json or /home/muhammadashab80/.cache/metals/bsp.trace.json
2023.12.11 12:07:17 INFO  tracing is disabled for protocol BSP, to enable tracing of incoming and outgoing JSON messages create an empty file at /home/muhammadashab80/Documents/Merl/Scala-Chisel-Learning-Journey-main/src/.metals/bsp.trace.json or /home/muhammadashab80/.cache/metals/bsp.trace.json
2023.12.11 12:07:17 INFO  tracing is disabled for protocol BSP, to enable tracing of incoming and outgoing JSON messages create an empty file at /home/muhammadashab80/Documents/Merl/Scala-Chisel-Learning-Journey-main/src/.metals/bsp.trace.json or /home/muhammadashab80/.cache/metals/bsp.trace.json
2023.12.11 12:07:17 INFO  tracing is disabled for protocol BSP, to enable tracing of incoming and outgoing JSON messages create an empty file at /home/muhammadashab80/Documents/Merl/Scala-Chisel-Learning-Journey-main/src/.metals/bsp.trace.json or /home/muhammadashab80/.cache/metals/bsp.trace.json
2023.12.11 12:07:17 INFO  tracing is disabled for protocol BSP, to enable tracing of incoming and outgoing JSON messages create an empty file at /home/muhammadashab80/Documents/Merl/Scala-Chisel-Learning-Journey-main/src/.metals/bsp.trace.json or /home/muhammadashab80/.cache/metals/bsp.trace.json
2023.12.11 12:07:17 INFO  time: Connected to build server in 4.63s
2023.12.11 12:07:17 INFO  time: Connected to build server in 5.55s
2023.12.11 12:07:17 INFO  time: Connected to build server in 3.47s
2023.12.11 12:07:17 INFO  time: Connected to build server in 4.21s
2023.12.11 12:07:17 INFO  Connected to Build server: Bloop v1.5.11
2023.12.11 12:07:17 INFO  Connected to Build server: Bloop v1.5.11
2023.12.11 12:07:17 INFO  Connected to Build server: Bloop v1.5.11
2023.12.11 12:07:17 INFO  time: Connected to build server in 3.29s
2023.12.11 12:07:17 INFO  time: Connected to build server in 4.44s
2023.12.11 12:07:17 INFO  Connected to Build server: Bloop v1.5.11
2023.12.11 12:07:17 INFO  time: Connected to build server in 3.65s
2023.12.11 12:07:17 INFO  Connected to Build server: Bloop v1.5.11
2023.12.11 12:07:17 INFO  Connected to Build server: Bloop v1.5.11
2023.12.11 12:07:17 INFO  Connected to Build server: Bloop v1.5.11
2023.12.11 12:07:17 ERROR Build server error: Empty build targets. Expected at least one build target identifier.
2023.12.11 12:07:17 INFO  time: Imported build in 0.15s
2023.12.11 12:07:17 INFO  time: Imported build in 0.15s
2023.12.11 12:07:17 INFO  time: Imported build in 0.15s
2023.12.11 12:07:17 INFO  time: Imported build in 0.17s
2023.12.11 12:07:17 INFO  time: Imported build in 0.17s
2023.12.11 12:07:17 INFO  time: Imported build in 0.18s
2023.12.11 12:07:17 INFO  time: Imported build in 0.2s
2023.12.11 12:07:20 WARN  Build server is not auto-connectable.
2023.12.11 12:07:21 WARN  Build server is not auto-connectable.
2023.12.11 12:07:22 WARN  Build server is not auto-connectable.
2023.12.11 12:07:22 WARN  Could not find java sources in /usr/lib/jvm/src.zip, /usr/lib/jvm/lib/src.zip, /usr/lib/jvm/java-17-openjdk-amd64/src.zip, /usr/lib/jvm/java-17-openjdk-amd64/lib/src.zip, /usr/lib/jvm/src.zip, /usr/lib/jvm/lib/src.zip, /usr/lib/jvm/java-17-openjdk-amd64/src.zip, /usr/lib/jvm/java-17-openjdk-amd64/lib/src.zip. Java symbols will not be available.
2023.12.11 12:07:22 WARN  Could not find java sources in /usr/lib/jvm/src.zip, /usr/lib/jvm/lib/src.zip, /usr/lib/jvm/java-17-openjdk-amd64/src.zip, /usr/lib/jvm/java-17-openjdk-amd64/lib/src.zip, /usr/lib/jvm/src.zip, /usr/lib/jvm/lib/src.zip, /usr/lib/jvm/java-17-openjdk-amd64/src.zip, /usr/lib/jvm/java-17-openjdk-amd64/lib/src.zip. Java symbols will not be available.
2023.12.11 12:07:22 WARN  Could not find java sources in /usr/lib/jvm/src.zip, /usr/lib/jvm/lib/src.zip, /usr/lib/jvm/java-17-openjdk-amd64/src.zip, /usr/lib/jvm/java-17-openjdk-amd64/lib/src.zip, /usr/lib/jvm/src.zip, /usr/lib/jvm/lib/src.zip, /usr/lib/jvm/java-17-openjdk-amd64/src.zip, /usr/lib/jvm/java-17-openjdk-amd64/lib/src.zip. Java symbols will not be available.
2023.12.11 12:07:22 INFO  time: indexed workspace in 4.34s
2023.12.11 12:07:22 WARN  Could not find java sources in /usr/lib/jvm/src.zip, /usr/lib/jvm/lib/src.zip, /usr/lib/jvm/java-17-openjdk-amd64/src.zip, /usr/lib/jvm/java-17-openjdk-amd64/lib/src.zip, /usr/lib/jvm/src.zip, /usr/lib/jvm/lib/src.zip, /usr/lib/jvm/java-17-openjdk-amd64/src.zip, /usr/lib/jvm/java-17-openjdk-amd64/lib/src.zip. Java symbols will not be available.
2023.12.11 12:07:22 WARN  Could not find java sources in /usr/lib/jvm/src.zip, /usr/lib/jvm/lib/src.zip, /usr/lib/jvm/java-17-openjdk-amd64/src.zip, /usr/lib/jvm/java-17-openjdk-amd64/lib/src.zip, /usr/lib/jvm/src.zip, /usr/lib/jvm/lib/src.zip, /usr/lib/jvm/java-17-openjdk-amd64/src.zip, /usr/lib/jvm/java-17-openjdk-amd64/lib/src.zip. Java symbols will not be available.
2023.12.11 12:07:22 WARN  Could not find java sources in /usr/lib/jvm/src.zip, /usr/lib/jvm/lib/src.zip, /usr/lib/jvm/java-17-openjdk-amd64/src.zip, /usr/lib/jvm/java-17-openjdk-amd64/lib/src.zip, /usr/lib/jvm/src.zip, /usr/lib/jvm/lib/src.zip, /usr/lib/jvm/java-17-openjdk-amd64/src.zip, /usr/lib/jvm/java-17-openjdk-amd64/lib/src.zip. Java symbols will not be available.
2023.12.11 12:07:22 INFO  time: indexed workspace in 4.39s
2023.12.11 12:07:22 WARN  Could not find java sources in /usr/lib/jvm/src.zip, /usr/lib/jvm/lib/src.zip, /usr/lib/jvm/java-17-openjdk-amd64/src.zip, /usr/lib/jvm/java-17-openjdk-amd64/lib/src.zip, /usr/lib/jvm/src.zip, /usr/lib/jvm/lib/src.zip, /usr/lib/jvm/java-17-openjdk-amd64/src.zip, /usr/lib/jvm/java-17-openjdk-amd64/lib/src.zip. Java symbols will not be available.
2023.12.11 12:07:22 WARN  Could not find java sources in /usr/lib/jvm/src.zip, /usr/lib/jvm/lib/src.zip, /usr/lib/jvm/java-17-openjdk-amd64/src.zip, /usr/lib/jvm/java-17-openjdk-amd64/lib/src.zip, /usr/lib/jvm/src.zip, /usr/lib/jvm/lib/src.zip, /usr/lib/jvm/java-17-openjdk-amd64/src.zip, /usr/lib/jvm/java-17-openjdk-amd64/lib/src.zip. Java symbols will not be available.
2023.12.11 12:07:22 WARN  Could not find java sources in /usr/lib/jvm/src.zip, /usr/lib/jvm/lib/src.zip, /usr/lib/jvm/java-17-openjdk-amd64/src.zip, /usr/lib/jvm/java-17-openjdk-amd64/lib/src.zip, /usr/lib/jvm/src.zip, /usr/lib/jvm/lib/src.zip, /usr/lib/jvm/java-17-openjdk-amd64/src.zip, /usr/lib/jvm/java-17-openjdk-amd64/lib/src.zip. Java symbols will not be available.
2023.12.11 12:07:22 WARN  Could not find java sources in /usr/lib/jvm/src.zip, /usr/lib/jvm/lib/src.zip, /usr/lib/jvm/java-17-openjdk-amd64/src.zip, /usr/lib/jvm/java-17-openjdk-amd64/lib/src.zip, /usr/lib/jvm/src.zip, /usr/lib/jvm/lib/src.zip, /usr/lib/jvm/java-17-openjdk-amd64/src.zip, /usr/lib/jvm/java-17-openjdk-amd64/lib/src.zip. Java symbols will not be available.
2023.12.11 12:07:22 WARN  Could not find java sources in /usr/lib/jvm/src.zip, /usr/lib/jvm/lib/src.zip, /usr/lib/jvm/java-17-openjdk-amd64/src.zip, /usr/lib/jvm/java-17-openjdk-amd64/lib/src.zip, /usr/lib/jvm/src.zip, /usr/lib/jvm/lib/src.zip, /usr/lib/jvm/java-17-openjdk-amd64/src.zip, /usr/lib/jvm/java-17-openjdk-amd64/lib/src.zip. Java symbols will not be available.
2023.12.11 12:07:22 WARN  Could not find java sources in /usr/lib/jvm/src.zip, /usr/lib/jvm/lib/src.zip, /usr/lib/jvm/java-17-openjdk-amd64/src.zip, /usr/lib/jvm/java-17-openjdk-amd64/lib/src.zip, /usr/lib/jvm/src.zip, /usr/lib/jvm/lib/src.zip, /usr/lib/jvm/java-17-openjdk-amd64/src.zip, /usr/lib/jvm/java-17-openjdk-amd64/lib/src.zip. Java symbols will not be available.
2023.12.11 12:07:22 WARN  Could not find java sources in /usr/lib/jvm/src.zip, /usr/lib/jvm/lib/src.zip, /usr/lib/jvm/java-17-openjdk-amd64/src.zip, /usr/lib/jvm/java-17-openjdk-amd64/lib/src.zip, /usr/lib/jvm/src.zip, /usr/lib/jvm/lib/src.zip, /usr/lib/jvm/java-17-openjdk-amd64/src.zip, /usr/lib/jvm/java-17-openjdk-amd64/lib/src.zip. Java symbols will not be available.
2023.12.11 12:07:22 WARN  Could not find java sources in /usr/lib/jvm/src.zip, /usr/lib/jvm/lib/src.zip, /usr/lib/jvm/java-17-openjdk-amd64/src.zip, /usr/lib/jvm/java-17-openjdk-amd64/lib/src.zip, /usr/lib/jvm/src.zip, /usr/lib/jvm/lib/src.zip, /usr/lib/jvm/java-17-openjdk-amd64/src.zip, /usr/lib/jvm/java-17-openjdk-amd64/lib/src.zip. Java symbols will not be available.
2023.12.11 12:07:22 WARN  Could not find java sources in /usr/lib/jvm/src.zip, /usr/lib/jvm/lib/src.zip, /usr/lib/jvm/java-17-openjdk-amd64/src.zip, /usr/lib/jvm/java-17-openjdk-amd64/lib/src.zip, /usr/lib/jvm/src.zip, /usr/lib/jvm/lib/src.zip, /usr/lib/jvm/java-17-openjdk-amd64/src.zip, /usr/lib/jvm/java-17-openjdk-amd64/lib/src.zip. Java symbols will not be available.
2023.12.11 12:07:22 WARN  Could not find java sources in /usr/lib/jvm/src.zip, /usr/lib/jvm/lib/src.zip, /usr/lib/jvm/java-17-openjdk-amd64/src.zip, /usr/lib/jvm/java-17-openjdk-amd64/lib/src.zip, /usr/lib/jvm/src.zip, /usr/lib/jvm/lib/src.zip, /usr/lib/jvm/java-17-openjdk-amd64/src.zip, /usr/lib/jvm/java-17-openjdk-amd64/lib/src.zip. Java symbols will not be available.
2023.12.11 12:07:22 WARN  Could not find java sources in /usr/lib/jvm/src.zip, /usr/lib/jvm/lib/src.zip, /usr/lib/jvm/java-17-openjdk-amd64/src.zip, /usr/lib/jvm/java-17-openjdk-amd64/lib/src.zip, /usr/lib/jvm/src.zip, /usr/lib/jvm/lib/src.zip, /usr/lib/jvm/java-17-openjdk-amd64/src.zip, /usr/lib/jvm/java-17-openjdk-amd64/lib/src.zip. Java symbols will not be available.
2023.12.11 12:07:22 INFO  time: indexed workspace in 4.39s
2023.12.11 12:07:22 INFO  time: indexed workspace in 4.37s
2023.12.11 12:07:22 WARN  Could not find java sources in /usr/lib/jvm/src.zip, /usr/lib/jvm/lib/src.zip, /usr/lib/jvm/java-17-openjdk-amd64/src.zip, /usr/lib/jvm/java-17-openjdk-amd64/lib/src.zip, /usr/lib/jvm/src.zip, /usr/lib/jvm/lib/src.zip, /usr/lib/jvm/java-17-openjdk-amd64/src.zip, /usr/lib/jvm/java-17-openjdk-amd64/lib/src.zip. Java symbols will not be available.
2023.12.11 12:07:22 INFO  time: indexed workspace in 4.4s
2023.12.11 12:07:22 INFO  time: indexed workspace in 4.39s
2023.12.11 12:07:22 WARN  Could not find java sources in /usr/lib/jvm/src.zip, /usr/lib/jvm/lib/src.zip, /usr/lib/jvm/java-17-openjdk-amd64/src.zip, /usr/lib/jvm/java-17-openjdk-amd64/lib/src.zip, /usr/lib/jvm/src.zip, /usr/lib/jvm/lib/src.zip, /usr/lib/jvm/java-17-openjdk-amd64/src.zip, /usr/lib/jvm/java-17-openjdk-amd64/lib/src.zip. Java symbols will not be available.
2023.12.11 12:07:22 WARN  Could not find java sources in /usr/lib/jvm/src.zip, /usr/lib/jvm/lib/src.zip, /usr/lib/jvm/java-17-openjdk-amd64/src.zip, /usr/lib/jvm/java-17-openjdk-amd64/lib/src.zip, /usr/lib/jvm/src.zip, /usr/lib/jvm/lib/src.zip, /usr/lib/jvm/java-17-openjdk-amd64/src.zip, /usr/lib/jvm/java-17-openjdk-amd64/lib/src.zip. Java symbols will not be available.
2023.12.11 12:07:22 WARN  Could not find java sources in /usr/lib/jvm/src.zip, /usr/lib/jvm/lib/src.zip, /usr/lib/jvm/java-17-openjdk-amd64/src.zip, /usr/lib/jvm/java-17-openjdk-amd64/lib/src.zip, /usr/lib/jvm/src.zip, /usr/lib/jvm/lib/src.zip, /usr/lib/jvm/java-17-openjdk-amd64/src.zip, /usr/lib/jvm/java-17-openjdk-amd64/lib/src.zip. Java symbols will not be available.
2023.12.11 12:07:22 INFO  time: indexed workspace in 4.45s
2023.12.11 12:07:28 INFO  Disconnecting from Bloop session...
2023.12.11 12:07:28 INFO  Shut down connection with build server.
2023.12.11 12:07:28 INFO  Attempting to connect to the build server...
2023.12.11 12:07:28 INFO  Bloop uses /usr/lib/jvm/java-17-openjdk-amd64 defined at /home/muhammadashab80/.bloop/bloop.json
2023.12.11 12:07:28 INFO  tracing is disabled for protocol BSP, to enable tracing of incoming and outgoing JSON messages create an empty file at /home/muhammadashab80/Documents/Merl/Scala-Chisel-Learning-Journey-main/src/.metals/bsp.trace.json or /home/muhammadashab80/.cache/metals/bsp.trace.json
2023.12.11 12:07:28 INFO  time: Connected to build server in 87ms
2023.12.11 12:07:28 INFO  Connected to Build server: Bloop v1.5.11
2023.12.11 12:07:29 WARN  Could not find java sources in /usr/lib/jvm/src.zip, /usr/lib/jvm/lib/src.zip, /usr/lib/jvm/java-17-openjdk-amd64/src.zip, /usr/lib/jvm/java-17-openjdk-amd64/lib/src.zip, /usr/lib/jvm/src.zip, /usr/lib/jvm/lib/src.zip, /usr/lib/jvm/java-17-openjdk-amd64/src.zip, /usr/lib/jvm/java-17-openjdk-amd64/lib/src.zip. Java symbols will not be available.
2023.12.11 12:07:29 WARN  Could not find java sources in /usr/lib/jvm/src.zip, /usr/lib/jvm/lib/src.zip, /usr/lib/jvm/java-17-openjdk-amd64/src.zip, /usr/lib/jvm/java-17-openjdk-amd64/lib/src.zip, /usr/lib/jvm/src.zip, /usr/lib/jvm/lib/src.zip, /usr/lib/jvm/java-17-openjdk-amd64/src.zip, /usr/lib/jvm/java-17-openjdk-amd64/lib/src.zip. Java symbols will not be available.
2023.12.11 12:07:29 WARN  Could not find java sources in /usr/lib/jvm/src.zip, /usr/lib/jvm/lib/src.zip, /usr/lib/jvm/java-17-openjdk-amd64/src.zip, /usr/lib/jvm/java-17-openjdk-amd64/lib/src.zip, /usr/lib/jvm/src.zip, /usr/lib/jvm/lib/src.zip, /usr/lib/jvm/java-17-openjdk-amd64/src.zip, /usr/lib/jvm/java-17-openjdk-amd64/lib/src.zip. Java symbols will not be available.
2023.12.11 12:07:29 INFO  time: indexed workspace in 1.39s
2023.12.11 12:08:10 INFO  running '/usr/lib/jvm/java-17-openjdk-amd64/bin/java -Djline.terminal=jline.UnsupportedTerminal -Dsbt.log.noformat=true -Dfile.encoding=UTF-8 -jar /tmp/metals12585985910396908801/sbt-launch.jar -Dbloop.export-jar-classifiers=sources bloopInstall'
2023.12.11 12:08:10 WARN  no build target for: /home/muhammadashab80/Documents/Merl/Scala-Chisel-Learning-Journey-main/src/project/metals.sbt
2023.12.11 12:08:10 INFO  skipping build import with status 'Started'
2023.12.11 12:08:13 INFO  [info] welcome to sbt 1.9.7 (Private Build Java 17.0.9)
2023.12.11 12:08:14 INFO  no build target found for /home/muhammadashab80/Documents/Merl/Scala-Chisel-Learning-Journey-main/src/project/metals.sbt. Using presentation compiler with project's scala-library version: 3.3.1
2023.12.11 12:08:16 WARN  Build server is not auto-connectable.
2023.12.11 12:08:17 INFO  [info] loading settings for project src-build-build from metals.sbt ...
2023.12.11 12:08:17 INFO  [info] loading project definition from /home/muhammadashab80/Documents/Merl/Scala-Chisel-Learning-Journey-main/src/project/project
2023.12.11 12:08:18 INFO  compilation cancelled
2023.12.11 12:08:18 INFO  compilation cancelled
2023.12.11 12:08:18 INFO  compilation cancelled
2023.12.11 12:08:20 INFO  [info] loading settings for project src-build from metals.sbt ...
2023.12.11 12:08:20 INFO  [info] loading project definition from /home/muhammadashab80/Documents/Merl/Scala-Chisel-Learning-Journey-main/src/project
Dec 11, 2023 12:08:40 PM org.eclipse.lsp4j.jsonrpc.services.GenericEndpoint notify
INFO: Unsupported notification method: $/setTrace
2023.12.11 12:09:01 INFO  [success] Generated .bloop/src-build.json
2023.12.11 12:09:01 INFO  [success] Total time: 41 s, completed Dec 11, 2023, 12:09:02 PM
2023.12.11 12:09:01 INFO  [info] set current project to src (in build file:/home/muhammadashab80/Documents/Merl/Scala-Chisel-Learning-Journey-main/src/)
2023.12.11 12:09:01 INFO  [success] Generated .bloop/src-test.json
2023.12.11 12:09:01 INFO  [success] Generated .bloop/src.json
2023.12.11 12:09:01 INFO  [success] Total time: 0 s, completed Dec 11, 2023, 12:09:02 PM
2023.12.11 12:09:03 INFO  time: ran 'sbt bloopInstall' in 52s
2023.12.11 12:09:03 INFO  Disconnecting from Bloop session...
2023.12.11 12:09:03 INFO  Shut down connection with build server.
2023.12.11 12:09:03 INFO  Attempting to connect to the build server...
2023.12.11 12:09:03 INFO  Bloop uses /usr/lib/jvm/java-17-openjdk-amd64 defined at /home/muhammadashab80/.bloop/bloop.json
2023.12.11 12:09:03 INFO  tracing is disabled for protocol BSP, to enable tracing of incoming and outgoing JSON messages create an empty file at /home/muhammadashab80/Documents/Merl/Scala-Chisel-Learning-Journey-main/src/.metals/bsp.trace.json or /home/muhammadashab80/.cache/metals/bsp.trace.json
2023.12.11 12:09:10 WARN  no build target for: /home/muhammadashab80/Documents/Merl/Scala-Chisel-Learning-Journey-main/src/test/scala/gcd/Lab4/Ex1test.scala
2023.12.11 12:09:23 ERROR Timeout waiting for 'build/initialize' response
2023.12.11 12:09:23 WARN  Retrying connection to the build server Bloop
2023.12.11 12:09:23 INFO  Bloop uses /usr/lib/jvm/java-17-openjdk-amd64 defined at /home/muhammadashab80/.bloop/bloop.json
2023.12.11 12:09:23 INFO  tracing is disabled for protocol BSP, to enable tracing of incoming and outgoing JSON messages create an empty file at /home/muhammadashab80/Documents/Merl/Scala-Chisel-Learning-Journey-main/src/.metals/bsp.trace.json or /home/muhammadashab80/.cache/metals/bsp.trace.json
2023.12.11 12:09:23 INFO  Attempting to connect to the build server...
2023.12.11 12:09:23 INFO  Bloop uses /usr/lib/jvm/java-17-openjdk-amd64 defined at /home/muhammadashab80/.bloop/bloop.json
2023.12.11 12:09:23 INFO  tracing is disabled for protocol BSP, to enable tracing of incoming and outgoing JSON messages create an empty file at /home/muhammadashab80/Documents/Merl/Scala-Chisel-Learning-Journey-main/src/project/.metals/bsp.trace.json or /home/muhammadashab80/.cache/metals/bsp.trace.json
2023.12.11 12:09:43 ERROR Timeout waiting for 'build/initialize' response
2023.12.11 12:09:43 WARN  Retrying connection to the build server Bloop
2023.12.11 12:09:43 INFO  Bloop uses /usr/lib/jvm/java-17-openjdk-amd64 defined at /home/muhammadashab80/.bloop/bloop.json
2023.12.11 12:09:43 INFO  tracing is disabled for protocol BSP, to enable tracing of incoming and outgoing JSON messages create an empty file at /home/muhammadashab80/Documents/Merl/Scala-Chisel-Learning-Journey-main/src/project/.metals/bsp.trace.json or /home/muhammadashab80/.cache/metals/bsp.trace.json
2023.12.11 12:09:48 INFO  time: Connected to build server in 44s
2023.12.11 12:09:48 INFO  Connected to Build server: Bloop v1.5.11
2023.12.11 12:11:04 INFO  no build target found for /home/muhammadashab80/Documents/Merl/Scala-Chisel-Learning-Journey-main/src/test/scala/gcd/Lab4/Ex1test.scala. Using presentation compiler with project's scala-library version: 2.12.18
2023.12.11 12:11:06 WARN  Could not find java sources in /usr/lib/jvm/src.zip, /usr/lib/jvm/lib/src.zip, /usr/lib/jvm/java-17-openjdk-amd64/src.zip, /usr/lib/jvm/java-17-openjdk-amd64/lib/src.zip, /usr/lib/jvm/src.zip, /usr/lib/jvm/lib/src.zip, /usr/lib/jvm/java-17-openjdk-amd64/src.zip, /usr/lib/jvm/java-17-openjdk-amd64/lib/src.zip. Java symbols will not be available.
2023.12.11 12:11:07 INFO  time: code lens generation in 26s
2023.12.11 12:11:07 INFO  time: code lens generation in 1.52s
2023.12.11 12:11:09 WARN  Could not find java sources in /usr/lib/jvm/src.zip, /usr/lib/jvm/lib/src.zip, /usr/lib/jvm/java-17-openjdk-amd64/src.zip, /usr/lib/jvm/java-17-openjdk-amd64/lib/src.zip, /usr/lib/jvm/src.zip, /usr/lib/jvm/lib/src.zip, /usr/lib/jvm/java-17-openjdk-amd64/src.zip, /usr/lib/jvm/java-17-openjdk-amd64/lib/src.zip. Java symbols will not be available.
2023.12.11 12:11:09 WARN  Could not find java sources in /usr/lib/jvm/src.zip, /usr/lib/jvm/lib/src.zip, /usr/lib/jvm/java-17-openjdk-amd64/src.zip, /usr/lib/jvm/java-17-openjdk-amd64/lib/src.zip, /usr/lib/jvm/src.zip, /usr/lib/jvm/lib/src.zip, /usr/lib/jvm/java-17-openjdk-amd64/src.zip, /usr/lib/jvm/java-17-openjdk-amd64/lib/src.zip. Java symbols will not be available.
2023.12.11 12:11:09 INFO  time: indexed workspace in 1m21s
2023.12.11 12:11:09 WARN  no build target for: /home/muhammadashab80/Documents/Merl/Scala-Chisel-Learning-Journey-main/src/test/scala/gcd/Lab4/Ex1test.scala
2023.12.11 12:11:22 WARN  no build target for: /home/muhammadashab80/Documents/Merl/Scala-Chisel-Learning-Journey-main/src/test/scala/gcd/Lab4/Ex1test.scala
2023.12.11 12:12:41 INFO  Shutting down server
2023.12.11 12:12:41 INFO  shutting down Metals
2023.12.11 12:12:41 INFO  Shut down connection with build server.
2023.12.11 12:12:41 INFO  Shut down connection with build server.
2023.12.11 12:12:41 INFO  Bloop uses /usr/lib/jvm/java-17-openjdk-amd64 defined at /home/muhammadashab80/.bloop/bloop.json
2023.12.11 12:12:41 INFO  Bloop uses /usr/lib/jvm/java-17-openjdk-amd64 defined at /home/muhammadashab80/.bloop/bloop.json
2023.12.11 12:12:41 INFO  Bloop uses /usr/lib/jvm/java-17-openjdk-amd64 defined at /home/muhammadashab80/.bloop/bloop.json
2023.12.11 12:12:41 INFO  Bloop uses /usr/lib/jvm/java-17-openjdk-amd64 defined at /home/muhammadashab80/.bloop/bloop.json
2023.12.11 12:12:41 INFO  Bloop uses /usr/lib/jvm/java-17-openjdk-amd64 defined at /home/muhammadashab80/.bloop/bloop.json
2023.12.11 12:12:41 INFO  Exiting server
2023.12.11 12:12:41 ERROR Unexpected error initializing server: 
org.eclipse.lsp4j.jsonrpc.ResponseErrorException: Request window/showMessageRequest failed with message: Canceled
	at org.eclipse.lsp4j.jsonrpc.RemoteEndpoint.handleResponse(RemoteEndpoint.java:209)
	at org.eclipse.lsp4j.jsonrpc.RemoteEndpoint.consume(RemoteEndpoint.java:193)
	at org.eclipse.lsp4j.jsonrpc.json.StreamMessageProducer.handleMessage(StreamMessageProducer.java:194)
	at org.eclipse.lsp4j.jsonrpc.json.StreamMessageProducer.listen(StreamMessageProducer.java:94)
	at org.eclipse.lsp4j.jsonrpc.json.ConcurrentMessageProcessor.run(ConcurrentMessageProcessor.java:113)
	at java.util.concurrent.Executors$RunnableAdapter.call(Executors.java:539)
	at java.util.concurrent.FutureTask.run(FutureTask.java:264)
	at java.util.concurrent.ThreadPoolExecutor.runWorker(ThreadPoolExecutor.java:1136)
	at java.util.concurrent.ThreadPoolExecutor$Worker.run(ThreadPoolExecutor.java:635)
	at java.lang.Thread.run(Thread.java:840)

2023.12.11 12:13:01 INFO  Started: Metals version 1.1.0 in folders '/home/muhammadashab80/Documents/Merl/Scala-Chisel-Learning-Journey-main/src' for client Visual Studio Code 1.85.0.
2023.12.11 12:13:02 INFO  Attempting to connect to the build server...
2023.12.11 12:13:02 INFO  Bloop uses /usr/lib/jvm/java-17-openjdk-amd64 defined at /home/muhammadashab80/.bloop/bloop.json
2023.12.11 12:13:03 INFO  skipping build import with status 'Installed'
2023.12.11 12:13:03 INFO  tracing is disabled for protocol BSP, to enable tracing of incoming and outgoing JSON messages create an empty file at /home/muhammadashab80/Documents/Merl/Scala-Chisel-Learning-Journey-main/src/.metals/bsp.trace.json or /home/muhammadashab80/.cache/metals/bsp.trace.json
2023.12.11 12:13:03 INFO  Attempting to connect to the build server...
2023.12.11 12:13:03 INFO  Bloop uses /usr/lib/jvm/java-17-openjdk-amd64 defined at /home/muhammadashab80/.bloop/bloop.json
2023.12.11 12:13:03 INFO  tracing is disabled for protocol BSP, to enable tracing of incoming and outgoing JSON messages create an empty file at /home/muhammadashab80/Documents/Merl/Scala-Chisel-Learning-Journey-main/src/project/.metals/bsp.trace.json or /home/muhammadashab80/.cache/metals/bsp.trace.json
2023.12.11 12:13:03 INFO  time: Connected to build server in 0.86s
2023.12.11 12:13:03 INFO  Connected to Build server: Bloop v1.5.11
2023.12.11 12:13:03 INFO  time: Imported build in 0.14s
2023.12.11 12:13:07 WARN  Could not find java sources in /usr/lib/jvm/src.zip, /usr/lib/jvm/lib/src.zip, /usr/lib/jvm/java-17-openjdk-amd64/src.zip, /usr/lib/jvm/java-17-openjdk-amd64/lib/src.zip, /usr/lib/jvm/src.zip, /usr/lib/jvm/lib/src.zip, /usr/lib/jvm/java-17-openjdk-amd64/src.zip, /usr/lib/jvm/java-17-openjdk-amd64/lib/src.zip. Java symbols will not be available.
2023.12.11 12:13:07 WARN  Could not find java sources in /usr/lib/jvm/src.zip, /usr/lib/jvm/lib/src.zip, /usr/lib/jvm/java-17-openjdk-amd64/src.zip, /usr/lib/jvm/java-17-openjdk-amd64/lib/src.zip, /usr/lib/jvm/src.zip, /usr/lib/jvm/lib/src.zip, /usr/lib/jvm/java-17-openjdk-amd64/src.zip, /usr/lib/jvm/java-17-openjdk-amd64/lib/src.zip. Java symbols will not be available.
2023.12.11 12:13:07 WARN  Could not find java sources in /usr/lib/jvm/src.zip, /usr/lib/jvm/lib/src.zip, /usr/lib/jvm/java-17-openjdk-amd64/src.zip, /usr/lib/jvm/java-17-openjdk-amd64/lib/src.zip, /usr/lib/jvm/src.zip, /usr/lib/jvm/lib/src.zip, /usr/lib/jvm/java-17-openjdk-amd64/src.zip, /usr/lib/jvm/java-17-openjdk-amd64/lib/src.zip. Java symbols will not be available.
2023.12.11 12:13:07 INFO  time: indexed workspace in 3.81s
2023.12.11 12:14:18 INFO  Shutting down server
2023.12.11 12:14:18 INFO  shutting down Metals
2023.12.11 12:14:18 INFO  Shut down connection with build server.
2023.12.11 12:14:18 INFO  Shut down connection with build server.
2023.12.11 12:14:18 INFO  Exiting server
